\BOOKMARK [0][-]{chapter.1}{\376\377\0001\000\040\000N\000a\000m\000e\000s\000p\000a\000c\000e\000\040\000I\000n\000d\000e\000x}{}% 1
\BOOKMARK [1][-]{section.1.1}{\376\377\0001\000.\0001\000\040\000N\000a\000m\000e\000s\000p\000a\000c\000e\000\040\000L\000i\000s\000t}{chapter.1}% 2
\BOOKMARK [0][-]{chapter.2}{\376\377\0002\000\040\000C\000l\000a\000s\000s\000\040\000I\000n\000d\000e\000x}{}% 3
\BOOKMARK [1][-]{section.2.1}{\376\377\0002\000.\0001\000\040\000C\000l\000a\000s\000s\000\040\000L\000i\000s\000t}{chapter.2}% 4
\BOOKMARK [0][-]{chapter.3}{\376\377\0003\000\040\000F\000i\000l\000e\000\040\000I\000n\000d\000e\000x}{}% 5
\BOOKMARK [1][-]{section.3.1}{\376\377\0003\000.\0001\000\040\000F\000i\000l\000e\000\040\000L\000i\000s\000t}{chapter.3}% 6
\BOOKMARK [0][-]{chapter.4}{\376\377\0004\000\040\000N\000a\000m\000e\000s\000p\000a\000c\000e\000\040\000D\000o\000c\000u\000m\000e\000n\000t\000a\000t\000i\000o\000n}{}% 7
\BOOKMARK [1][-]{section.4.1}{\376\377\0004\000.\0001\000\040\000c\000o\000d\000e\000\137\000z\000i\000p\000p\000u\000l\000l\000\137\000s\000e\000r\000v\000e\000r\000\040\000N\000a\000m\000e\000s\000p\000a\000c\000e\000\040\000R\000e\000f\000e\000r\000e\000n\000c\000e}{chapter.4}% 8
\BOOKMARK [2][-]{subsection.4.1.1}{\376\377\0004\000.\0001\000.\0001\000\040\000V\000a\000r\000i\000a\000b\000l\000e\000\040\000D\000o\000c\000u\000m\000e\000n\000t\000a\000t\000i\000o\000n}{section.4.1}% 9
\BOOKMARK [3][-]{subsubsection.4.1.1.1}{\376\377\0004\000.\0001\000.\0001\000.\0001\000\040\000s\000t\000r\000i\000n\000g\000\137\000c\000o\000p\000y}{subsection.4.1.1}% 10
\BOOKMARK [3][-]{subsubsection.4.1.1.2}{\376\377\0004\000.\0001\000.\0001\000.\0002\000\040\000s\000t\000r\000i\000n\000g\000\137\000u\000n\000z\000i\000p}{subsection.4.1.1}% 11
\BOOKMARK [3][-]{subsubsection.4.1.1.3}{\376\377\0004\000.\0001\000.\0001\000.\0003\000\040\000z\000i\000p\000\137\000f\000i\000l\000e\000\137\000n\000a\000m\000e}{subsection.4.1.1}% 12
\BOOKMARK [1][-]{section.4.2}{\376\377\0004\000.\0002\000\040\000c\000o\000d\000e\000\137\000z\000i\000p\000p\000u\000s\000h\000\137\000s\000e\000r\000v\000e\000r\000\040\000N\000a\000m\000e\000s\000p\000a\000c\000e\000\040\000R\000e\000f\000e\000r\000e\000n\000c\000e}{chapter.4}% 13
\BOOKMARK [2][-]{subsection.4.2.1}{\376\377\0004\000.\0002\000.\0001\000\040\000V\000a\000r\000i\000a\000b\000l\000e\000\040\000D\000o\000c\000u\000m\000e\000n\000t\000a\000t\000i\000o\000n}{section.4.2}% 14
\BOOKMARK [3][-]{subsubsection.4.2.1.1}{\376\377\0004\000.\0002\000.\0001\000.\0001\000\040\000s\000t\000r\000i\000n\000g\000\137\000c\000o\000p\000y}{subsection.4.2.1}% 15
\BOOKMARK [3][-]{subsubsection.4.2.1.2}{\376\377\0004\000.\0002\000.\0001\000.\0002\000\040\000s\000t\000r\000i\000n\000g\000\137\000z\000i\000p}{subsection.4.2.1}% 16
\BOOKMARK [3][-]{subsubsection.4.2.1.3}{\376\377\0004\000.\0002\000.\0001\000.\0003\000\040\000z\000i\000p\000\137\000f\000i\000l\000e\000\137\000n\000a\000m\000e}{subsection.4.2.1}% 17
\BOOKMARK [1][-]{section.4.3}{\376\377\0004\000.\0003\000\040\000c\000o\000m\000p\000i\000l\000e\000\137\000a\000n\000d\000\137\000g\000e\000n\000\137\000h\000e\000a\000d\000e\000r\000\040\000N\000a\000m\000e\000s\000p\000a\000c\000e\000\040\000R\000e\000f\000e\000r\000e\000n\000c\000e}{chapter.4}% 18
\BOOKMARK [2][-]{subsection.4.3.1}{\376\377\0004\000.\0003\000.\0001\000\040\000F\000u\000n\000c\000t\000i\000o\000n\000\040\000D\000o\000c\000u\000m\000e\000n\000t\000a\000t\000i\000o\000n}{section.4.3}% 19
\BOOKMARK [3][-]{subsubsection.4.3.1.1}{\376\377\0004\000.\0003\000.\0001\000.\0001\000\040\000c\000a\000l\000l\000\137\000m\000a\000k\000e\000\137\000f\000i\000l\000e\000\050\000\051}{subsection.4.3.1}% 20
\BOOKMARK [3][-]{subsubsection.4.3.1.2}{\376\377\0004\000.\0003\000.\0001\000.\0002\000\040\000w\000r\000i\000t\000e\000\137\000c\000o\000n\000f\000\137\000i\000n\000t\000\137\000h\000e\000a\000d\000e\000r\000\050\000\051}{subsection.4.3.1}% 21
\BOOKMARK [2][-]{subsection.4.3.2}{\376\377\0004\000.\0003\000.\0002\000\040\000V\000a\000r\000i\000a\000b\000l\000e\000\040\000D\000o\000c\000u\000m\000e\000n\000t\000a\000t\000i\000o\000n}{section.4.3}% 22
\BOOKMARK [3][-]{subsubsection.4.3.2.1}{\376\377\0004\000.\0003\000.\0002\000.\0001\000\040\000a\000r\000g\000s}{subsection.4.3.2}% 23
\BOOKMARK [3][-]{subsubsection.4.3.2.2}{\376\377\0004\000.\0003\000.\0002\000.\0002\000\040\000c\000o\000n\000f\000\137\000s\000t\000r\000i\000n\000g}{subsection.4.3.2}% 24
\BOOKMARK [3][-]{subsubsection.4.3.2.3}{\376\377\0004\000.\0003\000.\0002\000.\0003\000\040\000i\000n\000t\000\137\000s\000t\000r\000i\000n\000g}{subsection.4.3.2}% 25
\BOOKMARK [1][-]{section.4.4}{\376\377\0004\000.\0004\000\040\000m\000a\000s\000t\000e\000r\000i\000n\000t\000e\000r\000a\000c\000t\000\040\000N\000a\000m\000e\000s\000p\000a\000c\000e\000\040\000R\000e\000f\000e\000r\000e\000n\000c\000e}{chapter.4}% 26
\BOOKMARK [2][-]{subsection.4.4.1}{\376\377\0004\000.\0004\000.\0001\000\040\000V\000a\000r\000i\000a\000b\000l\000e\000\040\000D\000o\000c\000u\000m\000e\000n\000t\000a\000t\000i\000o\000n}{section.4.4}% 27
\BOOKMARK [3][-]{subsubsection.4.4.1.1}{\376\377\0004\000.\0004\000.\0001\000.\0001\000\040\000f}{subsection.4.4.1}% 28
\BOOKMARK [3][-]{subsubsection.4.4.1.2}{\376\377\0004\000.\0004\000.\0001\000.\0002\000\040\000f\000i\000l\000e\000\137\000n\000a\000m\000e}{subsection.4.4.1}% 29
\BOOKMARK [3][-]{subsubsection.4.4.1.3}{\376\377\0004\000.\0004\000.\0001\000.\0003\000\040\000f\000i\000n\000d}{subsection.4.4.1}% 30
\BOOKMARK [3][-]{subsubsection.4.4.1.4}{\376\377\0004\000.\0004\000.\0001\000.\0004\000\040\000m\000p\000i\000\137\000f\000l\000a\000g}{subsection.4.4.1}% 31
\BOOKMARK [3][-]{subsubsection.4.4.1.5}{\376\377\0004\000.\0004\000.\0001\000.\0005\000\040\000m\000p\000i\000\137\000v\000a\000l\000i\000d}{subsection.4.4.1}% 32
\BOOKMARK [3][-]{subsubsection.4.4.1.6}{\376\377\0004\000.\0004\000.\0001\000.\0006\000\040\000n\000u\000m\000t\000a\000s\000k\000s}{subsection.4.4.1}% 33
\BOOKMARK [3][-]{subsubsection.4.4.1.7}{\376\377\0004\000.\0004\000.\0001\000.\0007\000\040\000r\000u\000n\000s\000c\000r\000i\000p\000t}{subsection.4.4.1}% 34
\BOOKMARK [3][-]{subsubsection.4.4.1.8}{\376\377\0004\000.\0004\000.\0001\000.\0008\000\040\000s\000c\000r\000i\000p\000t\000n\000a\000m\000e}{subsection.4.4.1}% 35
\BOOKMARK [3][-]{subsubsection.4.4.1.9}{\376\377\0004\000.\0004\000.\0001\000.\0009\000\040\000s\000n}{subsection.4.4.1}% 36
\BOOKMARK [3][-]{subsubsection.4.4.1.10}{\376\377\0004\000.\0004\000.\0001\000.\0001\0000\000\040\000s\000t\000r\000\137\000r\000u\000n\000\137\000s\000c\000r\000i\000p\000t}{subsection.4.4.1}% 37
\BOOKMARK [0][-]{chapter.5}{\376\377\0005\000\040\000C\000l\000a\000s\000s\000\040\000D\000o\000c\000u\000m\000e\000n\000t\000a\000t\000i\000o\000n}{}% 38
\BOOKMARK [1][-]{section.5.1}{\376\377\0005\000.\0001\000\040\000T\000A\000G\000\137\000S\000i\000m\000P\000a\000r\000a\000m\000s\000\040\000S\000t\000r\000u\000c\000t\000\040\000R\000e\000f\000e\000r\000e\000n\000c\000e}{chapter.5}% 39
\BOOKMARK [2][-]{subsection.5.1.1}{\376\377\0005\000.\0001\000.\0001\000\040\000M\000e\000m\000b\000e\000r\000\040\000D\000a\000t\000a\000\040\000D\000o\000c\000u\000m\000e\000n\000t\000a\000t\000i\000o\000n}{section.5.1}% 40
\BOOKMARK [3][-]{subsubsection.5.1.1.1}{\376\377\0005\000.\0001\000.\0001\000.\0001\000\040\000a\000c\000c\000u\000r}{subsection.5.1.1}% 41
\BOOKMARK [3][-]{subsubsection.5.1.1.2}{\376\377\0005\000.\0001\000.\0001\000.\0002\000\040\000d\000e\000f\000f\000a\000c\000c\000u\000r}{subsection.5.1.1}% 42
\BOOKMARK [3][-]{subsubsection.5.1.1.3}{\376\377\0005\000.\0001\000.\0001\000.\0003\000\040\000F}{subsection.5.1.1}% 43
\BOOKMARK [3][-]{subsubsection.5.1.1.4}{\376\377\0005\000.\0001\000.\0001\000.\0004\000\040\000i\000n\000i\000t\000w\000i\000d\000t\000h}{subsection.5.1.1}% 44
\BOOKMARK [3][-]{subsubsection.5.1.1.5}{\376\377\0005\000.\0001\000.\0001\000.\0005\000\040\000N}{subsection.5.1.1}% 45
\BOOKMARK [3][-]{subsubsection.5.1.1.6}{\376\377\0005\000.\0001\000.\0001\000.\0006\000\040\000n\000u\000m\000b\000t\000e\000s\000t}{subsection.5.1.1}% 46
\BOOKMARK [3][-]{subsubsection.5.1.1.7}{\376\377\0005\000.\0001\000.\0001\000.\0007\000\040\000n\000u\000m\000t\000a\000s\000k\000s}{subsection.5.1.1}% 47
\BOOKMARK [3][-]{subsubsection.5.1.1.8}{\376\377\0005\000.\0001\000.\0001\000.\0008\000\040\000p\000l\000o\000t\000p\000o\000i\000n\000t\000s}{subsection.5.1.1}% 48
\BOOKMARK [3][-]{subsubsection.5.1.1.9}{\376\377\0005\000.\0001\000.\0001\000.\0009\000\040\000r\000e\000s\000e\000t\000\137\000s\000t\000e\000p\000n\000u\000m\000b}{subsection.5.1.1}% 49
\BOOKMARK [3][-]{subsubsection.5.1.1.10}{\376\377\0005\000.\0001\000.\0001\000.\0001\0000\000\040\000s\000e\000t\000n\000u\000m\000b}{subsection.5.1.1}% 50
\BOOKMARK [3][-]{subsubsection.5.1.1.11}{\376\377\0005\000.\0001\000.\0001\000.\0001\0001\000\040\000s\000i\000m\000l\000o\000n\000g}{subsection.5.1.1}% 51
\BOOKMARK [3][-]{subsubsection.5.1.1.12}{\376\377\0005\000.\0001\000.\0001\000.\0001\0002\000\040\000s\000t\000e\000p\000n\000u\000m\000b}{subsection.5.1.1}% 52
\BOOKMARK [3][-]{subsubsection.5.1.1.13}{\376\377\0005\000.\0001\000.\0001\000.\0001\0003\000\040\000t\000e\000s\000t\000a\000b}{subsection.5.1.1}% 53
\BOOKMARK [3][-]{subsubsection.5.1.1.14}{\376\377\0005\000.\0001\000.\0001\000.\0001\0004\000\040\000t\000i\000m\000e\000\137\000s\000t\000e\000p}{subsection.5.1.1}% 54
\BOOKMARK [1][-]{section.5.2}{\376\377\0005\000.\0002\000\040\000T\000r\000a\000n\000s\000p\000o\000r\000t\000C\000o\000e\000f\000f\000s\000\040\000S\000t\000r\000u\000c\000t\000\040\000R\000e\000f\000e\000r\000e\000n\000c\000e}{chapter.5}% 55
\BOOKMARK [2][-]{subsection.5.2.1}{\376\377\0005\000.\0002\000.\0001\000\040\000D\000e\000t\000a\000i\000l\000e\000d\000\040\000D\000e\000s\000c\000r\000i\000p\000t\000i\000o\000n}{section.5.2}% 56
\BOOKMARK [2][-]{subsection.5.2.2}{\376\377\0005\000.\0002\000.\0002\000\040\000M\000e\000m\000b\000e\000r\000\040\000D\000a\000t\000a\000\040\000D\000o\000c\000u\000m\000e\000n\000t\000a\000t\000i\000o\000n}{section.5.2}% 57
\BOOKMARK [3][-]{subsubsection.5.2.2.1}{\376\377\0005\000.\0002\000.\0002\000.\0001\000\040\000d\000e\000f\000f}{subsection.5.2.2}% 58
\BOOKMARK [3][-]{subsubsection.5.2.2.2}{\376\377\0005\000.\0002\000.\0002\000.\0002\000\040\000m\000e\000a\000n\000s\000p\000d}{subsection.5.2.2}% 59
\BOOKMARK [3][-]{subsubsection.5.2.2.3}{\376\377\0005\000.\0002\000.\0002\000.\0003\000\040\000m\000e\000a\000n\000x}{subsection.5.2.2}% 60
\BOOKMARK [3][-]{subsubsection.5.2.2.4}{\376\377\0005\000.\0002\000.\0002\000.\0004\000\040\000m\000e\000a\000n\000x\000q\000u\000b}{subsection.5.2.2}% 61
\BOOKMARK [3][-]{subsubsection.5.2.2.5}{\376\377\0005\000.\0002\000.\0002\000.\0005\000\040\000m\000e\000a\000n\000x\000s\000q\000u}{subsection.5.2.2}% 62
\BOOKMARK [3][-]{subsubsection.5.2.2.6}{\376\377\0005\000.\0002\000.\0002\000.\0006\000\040\000m\000s\000d}{subsection.5.2.2}% 63
\BOOKMARK [3][-]{subsubsection.5.2.2.7}{\376\377\0005\000.\0002\000.\0002\000.\0007\000\040\000m\000t\000h\000r\000e\000e}{subsection.5.2.2}% 64
\BOOKMARK [3][-]{subsubsection.5.2.2.8}{\376\377\0005\000.\0002\000.\0002\000.\0008\000\040\000m\000u}{subsection.5.2.2}% 65
\BOOKMARK [0][-]{chapter.6}{\376\377\0006\000\040\000F\000i\000l\000e\000\040\000D\000o\000c\000u\000m\000e\000n\000t\000a\000t\000i\000o\000n}{}% 66
\BOOKMARK [1][-]{section.6.1}{\376\377\0006\000.\0001\000\040\000c\000o\000d\000e\000\137\000z\000i\000p\000p\000u\000l\000l\000\137\000s\000e\000r\000v\000e\000r\000.\000p\000y\000\040\000F\000i\000l\000e\000\040\000R\000e\000f\000e\000r\000e\000n\000c\000e}{chapter.6}% 67
\BOOKMARK [1][-]{section.6.2}{\376\377\0006\000.\0002\000\040\000c\000o\000d\000e\000\137\000z\000i\000p\000p\000u\000s\000h\000\137\000s\000e\000r\000v\000e\000r\000.\000p\000y\000\040\000F\000i\000l\000e\000\040\000R\000e\000f\000e\000r\000e\000n\000c\000e}{chapter.6}% 68
\BOOKMARK [1][-]{section.6.3}{\376\377\0006\000.\0003\000\040\000c\000o\000m\000p\000\137\000g\000e\000n\000\137\000h\000e\000a\000d\000e\000r\000.\000h\000\040\000F\000i\000l\000e\000\040\000R\000e\000f\000e\000r\000e\000n\000c\000e}{chapter.6}% 69
\BOOKMARK [1][-]{section.6.4}{\376\377\0006\000.\0004\000\040\000c\000o\000m\000p\000i\000l\000e\000\137\000a\000n\000d\000\137\000g\000e\000n\000\137\000h\000e\000a\000d\000e\000r\000.\000p\000y\000\040\000F\000i\000l\000e\000\040\000R\000e\000f\000e\000r\000e\000n\000c\000e}{chapter.6}% 70
\BOOKMARK [1][-]{section.6.5}{\376\377\0006\000.\0005\000\040\000c\000o\000n\000f\000\137\000c\000o\000s\000.\000c\000\040\000F\000i\000l\000e\000\040\000R\000e\000f\000e\000r\000e\000n\000c\000e}{chapter.6}% 71
\BOOKMARK [2][-]{subsection.6.5.1}{\376\377\0006\000.\0005\000.\0001\000\040\000F\000u\000n\000c\000t\000i\000o\000n\000\040\000D\000o\000c\000u\000m\000e\000n\000t\000a\000t\000i\000o\000n}{section.6.5}% 72
\BOOKMARK [3][-]{subsubsection.6.5.1.1}{\376\377\0006\000.\0005\000.\0001\000.\0001\000\040\000c\000o\000p\000y\000c\000o\000d\000e\000\137\000c\000o\000n\000f\000\050\000\051}{subsection.6.5.1}% 73
\BOOKMARK [3][-]{subsubsection.6.5.1.2}{\376\377\0006\000.\0005\000.\0001\000.\0002\000\040\000p\000r\000f\000x\000\137\000c\000o\000n\000f\000\050\000\051}{subsection.6.5.1}% 74
\BOOKMARK [3][-]{subsubsection.6.5.1.3}{\376\377\0006\000.\0005\000.\0001\000.\0003\000\040\000s\000p\000e\000c\000s\000\137\000c\000o\000n\000f\000\050\000\051}{subsection.6.5.1}% 75
\BOOKMARK [1][-]{section.6.6}{\376\377\0006\000.\0006\000\040\000c\000o\000n\000f\000\137\000c\000o\000s\000.\000h\000\040\000F\000i\000l\000e\000\040\000R\000e\000f\000e\000r\000e\000n\000c\000e}{chapter.6}% 76
\BOOKMARK [2][-]{subsection.6.6.1}{\376\377\0006\000.\0006\000.\0001\000\040\000M\000a\000c\000r\000o\000\040\000D\000e\000f\000i\000n\000i\000t\000i\000o\000n\000\040\000D\000o\000c\000u\000m\000e\000n\000t\000a\000t\000i\000o\000n}{section.6.6}% 77
\BOOKMARK [3][-]{subsubsection.6.6.1.1}{\376\377\0006\000.\0006\000.\0001\000.\0001\000\040\000A\000M\000P}{subsection.6.6.1}% 78
\BOOKMARK [3][-]{subsubsection.6.6.1.2}{\376\377\0006\000.\0006\000.\0001\000.\0002\000\040\000C\000H\000E\000C\000K\000N}{subsection.6.6.1}% 79
\BOOKMARK [3][-]{subsubsection.6.6.1.3}{\376\377\0006\000.\0006\000.\0001\000.\0003\000\040\000K\000\137\000C\000O\000S}{subsection.6.6.1}% 80
\BOOKMARK [3][-]{subsubsection.6.6.1.4}{\376\377\0006\000.\0006\000.\0001\000.\0004\000\040\000M\000A\000X\000\137\000H\000A\000L\000F\000\137\000W\000I\000D\000T\000H}{subsection.6.6.1}% 81
\BOOKMARK [3][-]{subsubsection.6.6.1.5}{\376\377\0006\000.\0006\000.\0001\000.\0005\000\040\000S\000Q\000R\000T\000\137\000S\000H\000I\000F\000T}{subsection.6.6.1}% 82
\BOOKMARK [3][-]{subsubsection.6.6.1.6}{\376\377\0006\000.\0006\000.\0001\000.\0006\000\040\000X\000M\000A\000X}{subsection.6.6.1}% 83
\BOOKMARK [2][-]{subsection.6.6.2}{\376\377\0006\000.\0006\000.\0002\000\040\000F\000u\000n\000c\000t\000i\000o\000n\000\040\000D\000o\000c\000u\000m\000e\000n\000t\000a\000t\000i\000o\000n}{section.6.6}% 84
\BOOKMARK [3][-]{subsubsection.6.6.2.1}{\376\377\0006\000.\0006\000.\0002\000.\0001\000\040\000c\000o\000p\000y\000c\000o\000d\000e\000\137\000c\000o\000n\000f\000\050\000\051}{subsection.6.6.2}% 85
\BOOKMARK [3][-]{subsubsection.6.6.2.2}{\376\377\0006\000.\0006\000.\0002\000.\0002\000\040\000p\000r\000f\000x\000\137\000c\000o\000n\000f\000\050\000\051}{subsection.6.6.2}% 86
\BOOKMARK [3][-]{subsubsection.6.6.2.3}{\376\377\0006\000.\0006\000.\0002\000.\0003\000\040\000s\000p\000e\000c\000s\000\137\000c\000o\000n\000f\000\050\000\051}{subsection.6.6.2}% 87
\BOOKMARK [1][-]{section.6.7}{\376\377\0006\000.\0007\000\040\000c\000o\000n\000f\000\137\000s\000e\000p\000t\000.\000c\000\040\000F\000i\000l\000e\000\040\000R\000e\000f\000e\000r\000e\000n\000c\000e}{chapter.6}% 88
\BOOKMARK [2][-]{subsection.6.7.1}{\376\377\0006\000.\0007\000.\0001\000\040\000F\000u\000n\000c\000t\000i\000o\000n\000\040\000D\000o\000c\000u\000m\000e\000n\000t\000a\000t\000i\000o\000n}{section.6.7}% 89
\BOOKMARK [3][-]{subsubsection.6.7.1.1}{\376\377\0006\000.\0007\000.\0001\000.\0001\000\040\000c\000o\000p\000y\000c\000o\000d\000e\000\137\000c\000o\000n\000f\000\050\000\051}{subsection.6.7.1}% 90
\BOOKMARK [3][-]{subsubsection.6.7.1.2}{\376\377\0006\000.\0007\000.\0001\000.\0002\000\040\000p\000r\000f\000x\000\137\000c\000o\000n\000f\000\050\000\051}{subsection.6.7.1}% 91
\BOOKMARK [3][-]{subsubsection.6.7.1.3}{\376\377\0006\000.\0007\000.\0001\000.\0003\000\040\000s\000p\000e\000c\000s\000\137\000c\000o\000n\000f\000\050\000\051}{subsection.6.7.1}% 92
\BOOKMARK [1][-]{section.6.8}{\376\377\0006\000.\0008\000\040\000c\000o\000n\000f\000\137\000s\000e\000p\000t\000.\000h\000\040\000F\000i\000l\000e\000\040\000R\000e\000f\000e\000r\000e\000n\000c\000e}{chapter.6}% 93
\BOOKMARK [2][-]{subsection.6.8.1}{\376\377\0006\000.\0008\000.\0001\000\040\000M\000a\000c\000r\000o\000\040\000D\000e\000f\000i\000n\000i\000t\000i\000o\000n\000\040\000D\000o\000c\000u\000m\000e\000n\000t\000a\000t\000i\000o\000n}{section.6.8}% 94
\BOOKMARK [3][-]{subsubsection.6.8.1.1}{\376\377\0006\000.\0008\000.\0001\000.\0001\000\040\000A\000M\000P}{subsection.6.8.1}% 95
\BOOKMARK [3][-]{subsubsection.6.8.1.2}{\376\377\0006\000.\0008\000.\0001\000.\0002\000\040\000M\000A\000X\000\137\000H\000A\000L\000F\000\137\000W\000I\000D\000T\000H}{subsection.6.8.1}% 96
\BOOKMARK [3][-]{subsubsection.6.8.1.3}{\376\377\0006\000.\0008\000.\0001\000.\0003\000\040\000R\000\137\000C\000O\000N\000F\000\137\000S\000Q}{subsection.6.8.1}% 97
\BOOKMARK [2][-]{subsection.6.8.2}{\376\377\0006\000.\0008\000.\0002\000\040\000F\000u\000n\000c\000t\000i\000o\000n\000\040\000D\000o\000c\000u\000m\000e\000n\000t\000a\000t\000i\000o\000n}{section.6.8}% 98
\BOOKMARK [3][-]{subsubsection.6.8.2.1}{\376\377\0006\000.\0008\000.\0002\000.\0001\000\040\000c\000o\000p\000y\000c\000o\000d\000e\000\137\000c\000o\000n\000f\000\050\000\051}{subsection.6.8.2}% 99
\BOOKMARK [3][-]{subsubsection.6.8.2.2}{\376\377\0006\000.\0008\000.\0002\000.\0002\000\040\000p\000r\000f\000x\000\137\000c\000o\000n\000f\000\050\000\051}{subsection.6.8.2}% 100
\BOOKMARK [3][-]{subsubsection.6.8.2.3}{\376\377\0006\000.\0008\000.\0002\000.\0003\000\040\000s\000p\000e\000c\000s\000\137\000c\000o\000n\000f\000\050\000\051}{subsection.6.8.2}% 101
\BOOKMARK [1][-]{section.6.9}{\376\377\0006\000.\0009\000\040\000c\000o\000n\000f\000\137\000s\000p\000l\000i\000t\000t\000e\000r\000.\000c\000\040\000F\000i\000l\000e\000\040\000R\000e\000f\000e\000r\000e\000n\000c\000e}{chapter.6}% 102
\BOOKMARK [2][-]{subsection.6.9.1}{\376\377\0006\000.\0009\000.\0001\000\040\000F\000u\000n\000c\000t\000i\000o\000n\000\040\000D\000o\000c\000u\000m\000e\000n\000t\000a\000t\000i\000o\000n}{section.6.9}% 103
\BOOKMARK [3][-]{subsubsection.6.9.1.1}{\376\377\0006\000.\0009\000.\0001\000.\0001\000\040\000c\000o\000p\000y\000c\000o\000d\000e\000\137\000c\000o\000n\000f\000\050\000\051}{subsection.6.9.1}% 104
\BOOKMARK [3][-]{subsubsection.6.9.1.2}{\376\377\0006\000.\0009\000.\0001\000.\0002\000\040\000p\000r\000f\000x\000\137\000c\000o\000n\000f\000\050\000\051}{subsection.6.9.1}% 105
\BOOKMARK [3][-]{subsubsection.6.9.1.3}{\376\377\0006\000.\0009\000.\0001\000.\0003\000\040\000s\000p\000e\000c\000s\000\137\000c\000o\000n\000f\000\050\000\051}{subsection.6.9.1}% 106
\BOOKMARK [1][-]{section.6.10}{\376\377\0006\000.\0001\0000\000\040\000c\000o\000n\000f\000\137\000s\000p\000l\000i\000t\000t\000e\000r\000.\000h\000\040\000F\000i\000l\000e\000\040\000R\000e\000f\000e\000r\000e\000n\000c\000e}{chapter.6}% 107
\BOOKMARK [2][-]{subsection.6.10.1}{\376\377\0006\000.\0001\0000\000.\0001\000\040\000M\000a\000c\000r\000o\000\040\000D\000e\000f\000i\000n\000i\000t\000i\000o\000n\000\040\000D\000o\000c\000u\000m\000e\000n\000t\000a\000t\000i\000o\000n}{section.6.10}% 108
\BOOKMARK [3][-]{subsubsection.6.10.1.1}{\376\377\0006\000.\0001\0000\000.\0001\000.\0001\000\040\000L\000p}{subsection.6.10.1}% 109
\BOOKMARK [3][-]{subsubsection.6.10.1.2}{\376\377\0006\000.\0001\0000\000.\0001\000.\0002\000\040\000M}{subsection.6.10.1}% 110
\BOOKMARK [3][-]{subsubsection.6.10.1.3}{\376\377\0006\000.\0001\0000\000.\0001\000.\0003\000\040\000M\000A\000X\000\137\000H\000A\000L\000F\000\137\000W\000I\000D\000T\000H}{subsection.6.10.1}% 111
\BOOKMARK [3][-]{subsubsection.6.10.1.4}{\376\377\0006\000.\0001\0000\000.\0001\000.\0004\000\040\000R\000\137\000C\000O\000N\000F\000\137\000S\000Q}{subsection.6.10.1}% 112
\BOOKMARK [3][-]{subsubsection.6.10.1.5}{\376\377\0006\000.\0001\0000\000.\0001\000.\0005\000\040\000S\000Q\000R\000T\000\137\000S\000H\000I\000F\000T}{subsection.6.10.1}% 113
\BOOKMARK [2][-]{subsection.6.10.2}{\376\377\0006\000.\0001\0000\000.\0002\000\040\000F\000u\000n\000c\000t\000i\000o\000n\000\040\000D\000o\000c\000u\000m\000e\000n\000t\000a\000t\000i\000o\000n}{section.6.10}% 114
\BOOKMARK [3][-]{subsubsection.6.10.2.1}{\376\377\0006\000.\0001\0000\000.\0002\000.\0001\000\040\000c\000o\000p\000y\000c\000o\000d\000e\000\137\000c\000o\000n\000f\000\050\000\051}{subsection.6.10.2}% 115
\BOOKMARK [3][-]{subsubsection.6.10.2.2}{\376\377\0006\000.\0001\0000\000.\0002\000.\0002\000\040\000p\000r\000f\000x\000\137\000c\000o\000n\000f\000\050\000\051}{subsection.6.10.2}% 116
\BOOKMARK [3][-]{subsubsection.6.10.2.3}{\376\377\0006\000.\0001\0000\000.\0002\000.\0003\000\040\000s\000p\000e\000c\000s\000\137\000c\000o\000n\000f\000\050\000\051}{subsection.6.10.2}% 117
\BOOKMARK [1][-]{section.6.11}{\376\377\0006\000.\0001\0001\000\040\000h\000e\000a\000d\000e\000r\000s\000\137\000i\000n\000c\000l\000u\000d\000e\000.\000h\000\040\000F\000i\000l\000e\000\040\000R\000e\000f\000e\000r\000e\000n\000c\000e}{chapter.6}% 118
\BOOKMARK [1][-]{section.6.12}{\376\377\0006\000.\0001\0002\000\040\000i\000n\000t\000\137\000h\000a\000r\000d\000s\000p\000h\000e\000r\000e\000s\000.\000c\000\040\000F\000i\000l\000e\000\040\000R\000e\000f\000e\000r\000e\000n\000c\000e}{chapter.6}% 119
\BOOKMARK [2][-]{subsection.6.12.1}{\376\377\0006\000.\0001\0002\000.\0001\000\040\000F\000u\000n\000c\000t\000i\000o\000n\000\040\000D\000o\000c\000u\000m\000e\000n\000t\000a\000t\000i\000o\000n}{section.6.12}% 120
\BOOKMARK [3][-]{subsubsection.6.12.1.1}{\376\377\0006\000.\0001\0002\000.\0001\000.\0001\000\040\000c\000o\000p\000y\000c\000o\000d\000e\000\137\000i\000n\000t\000\050\000\051}{subsection.6.12.1}% 121
\BOOKMARK [3][-]{subsubsection.6.12.1.2}{\376\377\0006\000.\0001\0002\000.\0001\000.\0002\000\040\000p\000r\000f\000x\000\137\000i\000n\000t\000\050\000\051}{subsection.6.12.1}% 122
\BOOKMARK [3][-]{subsubsection.6.12.1.3}{\376\377\0006\000.\0001\0002\000.\0001\000.\0003\000\040\000s\000p\000e\000c\000s\000\137\000i\000n\000t\000\050\000\051}{subsection.6.12.1}% 123
\BOOKMARK [2][-]{subsection.6.12.2}{\376\377\0006\000.\0001\0002\000.\0002\000\040\000V\000a\000r\000i\000a\000b\000l\000e\000\040\000D\000o\000c\000u\000m\000e\000n\000t\000a\000t\000i\000o\000n}{section.6.12}% 124
\BOOKMARK [3][-]{subsubsection.6.12.2.1}{\376\377\0006\000.\0001\0002\000.\0002\000.\0001\000\040\000f\000i\000n\000t\000x}{subsection.6.12.2}% 125
\BOOKMARK [3][-]{subsubsection.6.12.2.2}{\376\377\0006\000.\0001\0002\000.\0002\000.\0002\000\040\000f\000i\000n\000t\000x\000p\000a\000i\000r}{subsection.6.12.2}% 126
\BOOKMARK [3][-]{subsubsection.6.12.2.3}{\376\377\0006\000.\0001\0002\000.\0002\000.\0003\000\040\000f\000i\000n\000t\000y}{subsection.6.12.2}% 127
\BOOKMARK [3][-]{subsubsection.6.12.2.4}{\376\377\0006\000.\0001\0002\000.\0002\000.\0004\000\040\000f\000i\000n\000t\000y\000p\000a\000i\000r}{subsection.6.12.2}% 128
\BOOKMARK [1][-]{section.6.13}{\376\377\0006\000.\0001\0003\000\040\000i\000n\000t\000\137\000h\000a\000r\000d\000s\000p\000h\000e\000r\000e\000s\000.\000h\000\040\000F\000i\000l\000e\000\040\000R\000e\000f\000e\000r\000e\000n\000c\000e}{chapter.6}% 129
\BOOKMARK [2][-]{subsection.6.13.1}{\376\377\0006\000.\0001\0003\000.\0001\000\040\000M\000a\000c\000r\000o\000\040\000D\000e\000f\000i\000n\000i\000t\000i\000o\000n\000\040\000D\000o\000c\000u\000m\000e\000n\000t\000a\000t\000i\000o\000n}{section.6.13}% 130
\BOOKMARK [3][-]{subsubsection.6.13.1.1}{\376\377\0006\000.\0001\0003\000.\0001\000.\0001\000\040\000I\000N\000T\000\137\000C\000U\000T\000O\000F\000F}{subsection.6.13.1}% 131
\BOOKMARK [3][-]{subsubsection.6.13.1.2}{\376\377\0006\000.\0001\0003\000.\0001\000.\0002\000\040\000R\000\137\000I\000N\000T}{subsection.6.13.1}% 132
\BOOKMARK [2][-]{subsection.6.13.2}{\376\377\0006\000.\0001\0003\000.\0002\000\040\000F\000u\000n\000c\000t\000i\000o\000n\000\040\000D\000o\000c\000u\000m\000e\000n\000t\000a\000t\000i\000o\000n}{section.6.13}% 133
\BOOKMARK [3][-]{subsubsection.6.13.2.1}{\376\377\0006\000.\0001\0003\000.\0002\000.\0001\000\040\000c\000o\000p\000y\000c\000o\000d\000e\000\137\000i\000n\000t\000\050\000\051}{subsection.6.13.2}% 134
\BOOKMARK [3][-]{subsubsection.6.13.2.2}{\376\377\0006\000.\0001\0003\000.\0002\000.\0002\000\040\000p\000r\000f\000x\000\137\000i\000n\000t\000\050\000\051}{subsection.6.13.2}% 135
\BOOKMARK [3][-]{subsubsection.6.13.2.3}{\376\377\0006\000.\0001\0003\000.\0002\000.\0003\000\040\000s\000p\000e\000c\000s\000\137\000i\000n\000t\000\050\000\051}{subsection.6.13.2}% 136
\BOOKMARK [2][-]{subsection.6.13.3}{\376\377\0006\000.\0001\0003\000.\0003\000\040\000V\000a\000r\000i\000a\000b\000l\000e\000\040\000D\000o\000c\000u\000m\000e\000n\000t\000a\000t\000i\000o\000n}{section.6.13}% 137
\BOOKMARK [3][-]{subsubsection.6.13.3.1}{\376\377\0006\000.\0001\0003\000.\0003\000.\0001\000\040\000f\000i\000n\000t\000x}{subsection.6.13.3}% 138
\BOOKMARK [3][-]{subsubsection.6.13.3.2}{\376\377\0006\000.\0001\0003\000.\0003\000.\0002\000\040\000f\000i\000n\000t\000x\000p\000a\000i\000r}{subsection.6.13.3}% 139
\BOOKMARK [3][-]{subsubsection.6.13.3.3}{\376\377\0006\000.\0001\0003\000.\0003\000.\0003\000\040\000f\000i\000n\000t\000y}{subsection.6.13.3}% 140
\BOOKMARK [3][-]{subsubsection.6.13.3.4}{\376\377\0006\000.\0001\0003\000.\0003\000.\0004\000\040\000f\000i\000n\000t\000y\000p\000a\000i\000r}{subsection.6.13.3}% 141
\BOOKMARK [1][-]{section.6.14}{\376\377\0006\000.\0001\0004\000\040\000i\000n\000t\000\137\000l\000e\000n\000n\000a\000r\000d\000j\000o\000n\000e\000s\000.\000c\000\040\000F\000i\000l\000e\000\040\000R\000e\000f\000e\000r\000e\000n\000c\000e}{chapter.6}% 142
\BOOKMARK [2][-]{subsection.6.14.1}{\376\377\0006\000.\0001\0004\000.\0001\000\040\000F\000u\000n\000c\000t\000i\000o\000n\000\040\000D\000o\000c\000u\000m\000e\000n\000t\000a\000t\000i\000o\000n}{section.6.14}% 143
\BOOKMARK [3][-]{subsubsection.6.14.1.1}{\376\377\0006\000.\0001\0004\000.\0001\000.\0001\000\040\000c\000o\000p\000y\000c\000o\000d\000e\000\137\000i\000n\000t\000\050\000\051}{subsection.6.14.1}% 144
\BOOKMARK [3][-]{subsubsection.6.14.1.2}{\376\377\0006\000.\0001\0004\000.\0001\000.\0002\000\040\000p\000r\000f\000x\000\137\000i\000n\000t\000\050\000\051}{subsection.6.14.1}% 145
\BOOKMARK [3][-]{subsubsection.6.14.1.3}{\376\377\0006\000.\0001\0004\000.\0001\000.\0003\000\040\000s\000p\000e\000c\000s\000\137\000i\000n\000t\000\050\000\051}{subsection.6.14.1}% 146
\BOOKMARK [2][-]{subsection.6.14.2}{\376\377\0006\000.\0001\0004\000.\0002\000\040\000V\000a\000r\000i\000a\000b\000l\000e\000\040\000D\000o\000c\000u\000m\000e\000n\000t\000a\000t\000i\000o\000n}{section.6.14}% 147
\BOOKMARK [3][-]{subsubsection.6.14.2.1}{\376\377\0006\000.\0001\0004\000.\0002\000.\0001\000\040\000f\000i\000n\000t\000x}{subsection.6.14.2}% 148
\BOOKMARK [3][-]{subsubsection.6.14.2.2}{\376\377\0006\000.\0001\0004\000.\0002\000.\0002\000\040\000f\000i\000n\000t\000x\000p\000a\000i\000r}{subsection.6.14.2}% 149
\BOOKMARK [3][-]{subsubsection.6.14.2.3}{\376\377\0006\000.\0001\0004\000.\0002\000.\0003\000\040\000f\000i\000n\000t\000y}{subsection.6.14.2}% 150
\BOOKMARK [3][-]{subsubsection.6.14.2.4}{\376\377\0006\000.\0001\0004\000.\0002\000.\0004\000\040\000f\000i\000n\000t\000y\000p\000a\000i\000r}{subsection.6.14.2}% 151
\BOOKMARK [1][-]{section.6.15}{\376\377\0006\000.\0001\0005\000\040\000i\000n\000t\000\137\000l\000e\000n\000n\000a\000r\000d\000j\000o\000n\000e\000s\000.\000h\000\040\000F\000i\000l\000e\000\040\000R\000e\000f\000e\000r\000e\000n\000c\000e}{chapter.6}% 152
\BOOKMARK [2][-]{subsection.6.15.1}{\376\377\0006\000.\0001\0005\000.\0001\000\040\000M\000a\000c\000r\000o\000\040\000D\000e\000f\000i\000n\000i\000t\000i\000o\000n\000\040\000D\000o\000c\000u\000m\000e\000n\000t\000a\000t\000i\000o\000n}{section.6.15}% 153
\BOOKMARK [3][-]{subsubsection.6.15.1.1}{\376\377\0006\000.\0001\0005\000.\0001\000.\0001\000\040\000E\000P\000S\000\137\000L}{subsection.6.15.1}% 154
\BOOKMARK [3][-]{subsubsection.6.15.1.2}{\376\377\0006\000.\0001\0005\000.\0001\000.\0002\000\040\000I\000N\000T\000\137\000C\000U\000T\000O\000F\000F}{subsection.6.15.1}% 155
\BOOKMARK [3][-]{subsubsection.6.15.1.3}{\376\377\0006\000.\0001\0005\000.\0001\000.\0003\000\040\000L\000J\000M\000I\000N}{subsection.6.15.1}% 156
\BOOKMARK [3][-]{subsubsection.6.15.1.4}{\376\377\0006\000.\0001\0005\000.\0001\000.\0004\000\040\000L\000J\000M\000I\000N\000P\000O\000W}{subsection.6.15.1}% 157
\BOOKMARK [3][-]{subsubsection.6.15.1.5}{\376\377\0006\000.\0001\0005\000.\0001\000.\0005\000\040\000L\000J\000P\000R\000E\000F\000A\000C}{subsection.6.15.1}% 158
\BOOKMARK [3][-]{subsubsection.6.15.1.6}{\376\377\0006\000.\0001\0005\000.\0001\000.\0006\000\040\000R\000\137\000I\000N\000T}{subsection.6.15.1}% 159
\BOOKMARK [2][-]{subsection.6.15.2}{\376\377\0006\000.\0001\0005\000.\0002\000\040\000F\000u\000n\000c\000t\000i\000o\000n\000\040\000D\000o\000c\000u\000m\000e\000n\000t\000a\000t\000i\000o\000n}{section.6.15}% 160
\BOOKMARK [3][-]{subsubsection.6.15.2.1}{\376\377\0006\000.\0001\0005\000.\0002\000.\0001\000\040\000c\000o\000p\000y\000c\000o\000d\000e\000\137\000i\000n\000t\000\050\000\051}{subsection.6.15.2}% 161
\BOOKMARK [3][-]{subsubsection.6.15.2.2}{\376\377\0006\000.\0001\0005\000.\0002\000.\0002\000\040\000p\000r\000f\000x\000\137\000i\000n\000t\000\050\000\051}{subsection.6.15.2}% 162
\BOOKMARK [3][-]{subsubsection.6.15.2.3}{\376\377\0006\000.\0001\0005\000.\0002\000.\0003\000\040\000s\000p\000e\000c\000s\000\137\000i\000n\000t\000\050\000\051}{subsection.6.15.2}% 163
\BOOKMARK [2][-]{subsection.6.15.3}{\376\377\0006\000.\0001\0005\000.\0003\000\040\000V\000a\000r\000i\000a\000b\000l\000e\000\040\000D\000o\000c\000u\000m\000e\000n\000t\000a\000t\000i\000o\000n}{section.6.15}% 164
\BOOKMARK [3][-]{subsubsection.6.15.3.1}{\376\377\0006\000.\0001\0005\000.\0003\000.\0001\000\040\000f\000i\000n\000t\000x}{subsection.6.15.3}% 165
\BOOKMARK [3][-]{subsubsection.6.15.3.2}{\376\377\0006\000.\0001\0005\000.\0003\000.\0002\000\040\000f\000i\000n\000t\000x\000p\000a\000i\000r}{subsection.6.15.3}% 166
\BOOKMARK [3][-]{subsubsection.6.15.3.3}{\376\377\0006\000.\0001\0005\000.\0003\000.\0003\000\040\000f\000i\000n\000t\000y}{subsection.6.15.3}% 167
\BOOKMARK [3][-]{subsubsection.6.15.3.4}{\376\377\0006\000.\0001\0005\000.\0003\000.\0004\000\040\000f\000i\000n\000t\000y\000p\000a\000i\000r}{subsection.6.15.3}% 168
\BOOKMARK [1][-]{section.6.16}{\376\377\0006\000.\0001\0006\000\040\000m\000a\000i\000n\000\137\000b\000r\000o\000w\000n\000c\000o\000n\000f\000.\000c\000\040\000F\000i\000l\000e\000\040\000R\000e\000f\000e\000r\000e\000n\000c\000e}{chapter.6}% 169
\BOOKMARK [2][-]{subsection.6.16.1}{\376\377\0006\000.\0001\0006\000.\0001\000\040\000M\000a\000c\000r\000o\000\040\000D\000e\000f\000i\000n\000i\000t\000i\000o\000n\000\040\000D\000o\000c\000u\000m\000e\000n\000t\000a\000t\000i\000o\000n}{section.6.16}% 170
\BOOKMARK [3][-]{subsubsection.6.16.1.1}{\376\377\0006\000.\0001\0006\000.\0001\000.\0001\000\040\000M\000A\000S\000T\000E\000R}{subsection.6.16.1}% 171
\BOOKMARK [2][-]{subsection.6.16.2}{\376\377\0006\000.\0001\0006\000.\0002\000\040\000F\000u\000n\000c\000t\000i\000o\000n\000\040\000D\000o\000c\000u\000m\000e\000n\000t\000a\000t\000i\000o\000n}{section.6.16}% 172
\BOOKMARK [3][-]{subsubsection.6.16.2.1}{\376\377\0006\000.\0001\0006\000.\0002\000.\0001\000\040\000a\000d\000a\000p\000t\000\137\000p\000o\000s\000s\000h\000i\000f\000t\000s\000\050\000\051}{subsection.6.16.2}% 173
\BOOKMARK [3][-]{subsubsection.6.16.2.2}{\376\377\0006\000.\0001\0006\000.\0002\000.\0002\000\040\000c\000a\000l\000c\000\137\000t\000r\000a\000n\000s\000p\000c\000o\000e\000f\000f\000s\000\050\000\051}{subsection.6.16.2}% 174
\BOOKMARK [3][-]{subsubsection.6.16.2.3}{\376\377\0006\000.\0001\0006\000.\0002\000.\0003\000\040\000c\000a\000l\000l\000o\000c\000\137\0002\000D\000d\000o\000u\000b\000l\000e\000\137\000a\000r\000r\000a\000y\000\050\000\051}{subsection.6.16.2}% 175
\BOOKMARK [3][-]{subsubsection.6.16.2.4}{\376\377\0006\000.\0001\0006\000.\0002\000.\0004\000\040\000c\000a\000l\000l\000o\000c\000\137\0002\000D\000l\000i\000n\000t\000\137\000a\000r\000r\000a\000y\000\050\000\051}{subsection.6.16.2}% 176
\BOOKMARK [3][-]{subsubsection.6.16.2.5}{\376\377\0006\000.\0001\0006\000.\0002\000.\0005\000\040\000c\000o\000p\000y\000\137\000m\000a\000i\000n\000\050\000\051}{subsection.6.16.2}% 177
\BOOKMARK [3][-]{subsubsection.6.16.2.6}{\376\377\0006\000.\0001\0006\000.\0002\000.\0006\000\040\000d\000e\000l\000e\000r\000r\000o\000r\000f\000i\000l\000e\000s\000\050\000\051}{subsection.6.16.2}% 178
\BOOKMARK [3][-]{subsubsection.6.16.2.7}{\376\377\0006\000.\0001\0006\000.\0002\000.\0007\000\040\000h\000i\000s\000t\000o\000g\000r\000a\000m\000m\0002\000d\000\137\000m\000p\000i\000\137\000r\000e\000d\000u\000c\000e\000\050\000\051}{subsection.6.16.2}% 179
\BOOKMARK [3][-]{subsubsection.6.16.2.8}{\376\377\0006\000.\0001\0006\000.\0002\000.\0008\000\040\000h\000i\000s\000t\000o\000g\000r\000a\000m\000m\000\137\000m\000p\000i\000\137\000r\000e\000d\000u\000c\000e\000\050\000\051}{subsection.6.16.2}% 180
\BOOKMARK [3][-]{subsubsection.6.16.2.9}{\376\377\0006\000.\0001\0006\000.\0002\000.\0009\000\040\000i\000n\000i\000t\000\137\000p\000a\000r\000t\000i\000c\000l\000e\000\137\000i\000n\000t\000\050\000\051}{subsection.6.16.2}% 181
\BOOKMARK [3][-]{subsubsection.6.16.2.10}{\376\377\0006\000.\0001\0006\000.\0002\000.\0001\0000\000\040\000i\000n\000i\000t\000\137\000p\000a\000r\000t\000i\000c\000l\000e\000\137\000p\000o\000s\000\050\000\051}{subsection.6.16.2}% 182
\BOOKMARK [3][-]{subsubsection.6.16.2.11}{\376\377\0006\000.\0001\0006\000.\0002\000.\0001\0001\000\040\000m\000a\000i\000n\000\050\000\051}{subsection.6.16.2}% 183
\BOOKMARK [3][-]{subsubsection.6.16.2.12}{\376\377\0006\000.\0001\0006\000.\0002\000.\0001\0002\000\040\000m\000a\000k\000e\000d\000i\000r\000e\000c\000t\000o\000r\000y\000\050\000\051}{subsection.6.16.2}% 184
\BOOKMARK [3][-]{subsubsection.6.16.2.13}{\376\377\0006\000.\0001\0006\000.\0002\000.\0001\0003\000\040\000p\000r\000i\000n\000t\000\137\000h\000i\000s\000t\000\137\000c\000o\000u\000n\000t\000e\000r\000c\000h\000e\000c\000k\000\050\000\051}{subsection.6.16.2}% 185
\BOOKMARK [3][-]{subsubsection.6.16.2.14}{\376\377\0006\000.\0001\0006\000.\0002\000.\0001\0004\000\040\000p\000r\000i\000n\000t\000\137\000m\000u\000o\000v\000e\000r\000f\000\050\000\051}{subsection.6.16.2}% 186
\BOOKMARK [3][-]{subsubsection.6.16.2.15}{\376\377\0006\000.\0001\0006\000.\0002\000.\0001\0005\000\040\000p\000r\000i\000n\000t\000\137\000p\000o\000s\000i\000t\000i\000o\000n\000s\000\050\000\051}{subsection.6.16.2}% 187
\BOOKMARK [3][-]{subsubsection.6.16.2.16}{\376\377\0006\000.\0001\0006\000.\0002\000.\0001\0006\000\040\000p\000r\000i\000n\000t\000\137\000r\000e\000s\000a\000l\000l\000t\000h\000r\000e\000a\000d\000s\000\050\000\051}{subsection.6.16.2}% 188
\BOOKMARK [3][-]{subsubsection.6.16.2.17}{\376\377\0006\000.\0001\0006\000.\0002\000.\0001\0007\000\040\000p\000r\000i\000n\000t\000\137\000r\000e\000s\000u\000l\000t\000s\000\137\000o\000v\000e\000r\000\137\000t\000i\000m\000e\000\050\000\051}{subsection.6.16.2}% 189
\BOOKMARK [3][-]{subsubsection.6.16.2.18}{\376\377\0006\000.\0001\0006\000.\0002\000.\0001\0008\000\040\000p\000r\000i\000n\000t\000\137\000r\000u\000n\000t\000i\000m\000e\000\050\000\051}{subsection.6.16.2}% 190
\BOOKMARK [3][-]{subsubsection.6.16.2.19}{\376\377\0006\000.\0001\0006\000.\0002\000.\0001\0009\000\040\000p\000r\000i\000n\000t\000\137\000r\000u\000n\000t\000i\000m\000e\000\137\000t\000h\000r\000e\000a\000d\000s\000\050\000\051}{subsection.6.16.2}% 191
\BOOKMARK [3][-]{subsubsection.6.16.2.20}{\376\377\0006\000.\0001\0006\000.\0002\000.\0002\0000\000\040\000r\000e\000s\000e\000t\000\137\000p\000o\000s\000\137\000t\000i\000m\000e\000\050\000\051}{subsection.6.16.2}% 192
\BOOKMARK [3][-]{subsubsection.6.16.2.21}{\376\377\0006\000.\0001\0006\000.\0002\000.\0002\0001\000\040\000u\000p\000d\000a\000t\000e\000\137\000e\000q\000u\000c\000o\000u\000n\000t\000e\000r\000\050\000\051}{subsection.6.16.2}% 193
\BOOKMARK [2][-]{subsection.6.16.3}{\376\377\0006\000.\0001\0006\000.\0003\000\040\000V\000a\000r\000i\000a\000b\000l\000e\000\040\000D\000o\000c\000u\000m\000e\000n\000t\000a\000t\000i\000o\000n}{section.6.16}% 194
\BOOKMARK [3][-]{subsubsection.6.16.3.1}{\376\377\0006\000.\0001\0006\000.\0003\000.\0001\000\040\000t\000c\000o\000e\000f\000f}{subsection.6.16.3}% 195
\BOOKMARK [1][-]{section.6.17}{\376\377\0006\000.\0001\0007\000\040\000m\000a\000s\000t\000e\000r\000i\000n\000t\000e\000r\000a\000c\000t\000.\000p\000y\000\040\000F\000i\000l\000e\000\040\000R\000e\000f\000e\000r\000e\000n\000c\000e}{chapter.6}% 196
\BOOKMARK [1][-]{section.6.18}{\376\377\0006\000.\0001\0008\000\040\000p\000a\000r\000\137\000s\000i\000m\000.\000c\000\040\000F\000i\000l\000e\000\040\000R\000e\000f\000e\000r\000e\000n\000c\000e}{chapter.6}% 197
\BOOKMARK [2][-]{subsection.6.18.1}{\376\377\0006\000.\0001\0008\000.\0001\000\040\000F\000u\000n\000c\000t\000i\000o\000n\000\040\000D\000o\000c\000u\000m\000e\000n\000t\000a\000t\000i\000o\000n}{section.6.18}% 198
\BOOKMARK [3][-]{subsubsection.6.18.1.1}{\376\377\0006\000.\0001\0008\000.\0001\000.\0001\000\040\000c\000h\000e\000c\000k\000\137\000p\000a\000r\000a\000m\000e\000t\000e\000r\000\137\000c\000o\000n\000s\000i\000s\000t\000e\000n\000c\000y\000\050\000\051}{subsection.6.18.1}% 199
\BOOKMARK [3][-]{subsubsection.6.18.1.2}{\376\377\0006\000.\0001\0008\000.\0001\000.\0002\000\040\000c\000o\000p\000y\000c\000o\000d\000e\000\137\000p\000a\000r\000\050\000\051}{subsection.6.18.1}% 200
\BOOKMARK [3][-]{subsubsection.6.18.1.3}{\376\377\0006\000.\0001\0008\000.\0001\000.\0003\000\040\000i\000n\000i\000t\000\137\000s\000i\000m\000p\000a\000r\000a\000m\000s\000\050\000\051}{subsection.6.18.1}% 201
\BOOKMARK [3][-]{subsubsection.6.18.1.4}{\376\377\0006\000.\0001\0008\000.\0001\000.\0004\000\040\000s\000p\000e\000c\000s\000\137\000b\000a\000s\000i\000c\000\050\000\051}{subsection.6.18.1}% 202
\BOOKMARK [3][-]{subsubsection.6.18.1.5}{\376\377\0006\000.\0001\0008\000.\0001\000.\0005\000\040\000t\000i\000m\000e\000\137\000s\000t\000e\000p\000\050\000\051}{subsection.6.18.1}% 203
\BOOKMARK [2][-]{subsection.6.18.2}{\376\377\0006\000.\0001\0008\000.\0002\000\040\000V\000a\000r\000i\000a\000b\000l\000e\000\040\000D\000o\000c\000u\000m\000e\000n\000t\000a\000t\000i\000o\000n}{section.6.18}% 204
\BOOKMARK [3][-]{subsubsection.6.18.2.1}{\376\377\0006\000.\0001\0008\000.\0002\000.\0001\000\040\000S\000i\000m\000P\000a\000r\000a\000m\000s}{subsection.6.18.2}% 205
\BOOKMARK [1][-]{section.6.19}{\376\377\0006\000.\0001\0009\000\040\000p\000a\000r\000\137\000s\000i\000m\000.\000h\000\040\000F\000i\000l\000e\000\040\000R\000e\000f\000e\000r\000e\000n\000c\000e}{chapter.6}% 206
\BOOKMARK [2][-]{subsection.6.19.1}{\376\377\0006\000.\0001\0009\000.\0001\000\040\000M\000a\000c\000r\000o\000\040\000D\000e\000f\000i\000n\000i\000t\000i\000o\000n\000\040\000D\000o\000c\000u\000m\000e\000n\000t\000a\000t\000i\000o\000n}{section.6.19}% 207
\BOOKMARK [3][-]{subsubsection.6.19.1.1}{\376\377\0006\000.\0001\0009\000.\0001\000.\0001\000\040\000B}{subsection.6.19.1}% 208
\BOOKMARK [3][-]{subsubsection.6.19.1.2}{\376\377\0006\000.\0001\0009\000.\0001\000.\0002\000\040\000B\000O\000T\000T\000R\000A\000D}{subsection.6.19.1}% 209
\BOOKMARK [3][-]{subsubsection.6.19.1.3}{\376\377\0006\000.\0001\0009\000.\0001\000.\0003\000\040\000R\000\137\000C\000O\000N\000F}{subsection.6.19.1}% 210
\BOOKMARK [3][-]{subsubsection.6.19.1.4}{\376\377\0006\000.\0001\0009\000.\0001\000.\0004\000\040\000R\000A\000D\000F}{subsection.6.19.1}% 211
\BOOKMARK [2][-]{subsection.6.19.2}{\376\377\0006\000.\0001\0009\000.\0002\000\040\000T\000y\000p\000e\000d\000e\000f\000\040\000D\000o\000c\000u\000m\000e\000n\000t\000a\000t\000i\000o\000n}{section.6.19}% 212
\BOOKMARK [3][-]{subsubsection.6.19.2.1}{\376\377\0006\000.\0001\0009\000.\0002\000.\0001\000\040\000T\000\137\000S\000i\000m\000P\000a\000r\000a\000m\000s}{subsection.6.19.2}% 213
\BOOKMARK [2][-]{subsection.6.19.3}{\376\377\0006\000.\0001\0009\000.\0003\000\040\000F\000u\000n\000c\000t\000i\000o\000n\000\040\000D\000o\000c\000u\000m\000e\000n\000t\000a\000t\000i\000o\000n}{section.6.19}% 214
\BOOKMARK [3][-]{subsubsection.6.19.3.1}{\376\377\0006\000.\0001\0009\000.\0003\000.\0001\000\040\000c\000h\000e\000c\000k\000\137\000p\000a\000r\000a\000m\000e\000t\000e\000r\000\137\000c\000o\000n\000s\000i\000s\000t\000e\000n\000c\000y\000\050\000\051}{subsection.6.19.3}% 215
\BOOKMARK [3][-]{subsubsection.6.19.3.2}{\376\377\0006\000.\0001\0009\000.\0003\000.\0002\000\040\000c\000o\000p\000y\000c\000o\000d\000e\000\137\000p\000a\000r\000\050\000\051}{subsection.6.19.3}% 216
\BOOKMARK [3][-]{subsubsection.6.19.3.3}{\376\377\0006\000.\0001\0009\000.\0003\000.\0003\000\040\000i\000n\000i\000t\000\137\000s\000i\000m\000p\000a\000r\000a\000m\000s\000\050\000\051}{subsection.6.19.3}% 217
\BOOKMARK [3][-]{subsubsection.6.19.3.4}{\376\377\0006\000.\0001\0009\000.\0003\000.\0004\000\040\000s\000p\000e\000c\000s\000\137\000b\000a\000s\000i\000c\000\050\000\051}{subsection.6.19.3}% 218
\BOOKMARK [3][-]{subsubsection.6.19.3.5}{\376\377\0006\000.\0001\0009\000.\0003\000.\0005\000\040\000t\000i\000m\000e\000\137\000s\000t\000e\000p\000\050\000\051}{subsection.6.19.3}% 219
\BOOKMARK [2][-]{subsection.6.19.4}{\376\377\0006\000.\0001\0009\000.\0004\000\040\000V\000a\000r\000i\000a\000b\000l\000e\000\040\000D\000o\000c\000u\000m\000e\000n\000t\000a\000t\000i\000o\000n}{section.6.19}% 220
\BOOKMARK [3][-]{subsubsection.6.19.4.1}{\376\377\0006\000.\0001\0009\000.\0004\000.\0001\000\040\000n\000b\000i\000n}{subsection.6.19.4}% 221
\BOOKMARK [3][-]{subsubsection.6.19.4.2}{\376\377\0006\000.\0001\0009\000.\0004\000.\0002\000\040\000S\000i\000m\000P\000a\000r\000a\000m\000s}{subsection.6.19.4}% 222
